[debug] [2023-11-09T22:24:29.261Z] ----------------------------------------------------------------------
[debug] [2023-11-09T22:24:29.262Z] Command:       /home/maze/.nvm/versions/node/v20.5.0/bin/node /home/maze/.nvm/versions/node/v20.5.0/bin/firebase init
[debug] [2023-11-09T22:24:29.263Z] CLI Version:   12.8.1
[debug] [2023-11-09T22:24:29.263Z] Platform:      linux
[debug] [2023-11-09T22:24:29.263Z] Node Version:  v20.5.0
[debug] [2023-11-09T22:24:29.263Z] Time:          Fri Nov 10 2023 09:24:29 GMT+1100 (Australian Eastern Daylight Time)
[debug] [2023-11-09T22:24:29.263Z] ----------------------------------------------------------------------
[debug] 
[debug] [2023-11-09T22:24:29.265Z] > command requires scopes: ["email","openid","https://www.googleapis.com/auth/cloudplatformprojects.readonly","https://www.googleapis.com/auth/firebase","https://www.googleapis.com/auth/cloud-platform"]
[debug] [2023-11-09T22:24:29.266Z] > authorizing via signed-in user (michael.zajer@gmail.com)
[info] 
     ######## #### ########  ######## ########     ###     ######  ########
     ##        ##  ##     ## ##       ##     ##  ##   ##  ##       ##
     ######    ##  ########  ######   ########  #########  ######  ######
     ##        ##  ##    ##  ##       ##     ## ##     ##       ## ##
     ##       #### ##     ## ######## ########  ##     ##  ######  ########

You're about to initialize a Firebase project in this directory:

  /home/maze/code/mygolftripv2

[info] 
=== Project Setup
[info] 
[info] First, let's associate this project directory with a Firebase project.
[info] You can create multiple project aliases by running firebase use --add, 
[info] but for now we'll just set up a default project.
[info] 
[debug] [2023-11-09T22:24:33.182Z] >>> [apiv2][query] GET https://firebase.googleapis.com/v1beta1/projects pageSize=100
[debug] [2023-11-09T22:24:33.970Z] <<< [apiv2][status] GET https://firebase.googleapis.com/v1beta1/projects 200
[debug] [2023-11-09T22:24:33.970Z] <<< [apiv2][body] GET https://firebase.googleapis.com/v1beta1/projects [omitted]
[info] i  Using project mygolf-trip (mygolf-trip) 
[info] 
=== Hosting Setup
[info] 
[info] Your public directory is the folder (relative to your project directory) that
[info] will contain Hosting assets to be uploaded with firebase deploy. If you
[info] have a build process for your assets, use your build's output directory.
[info] 
[debug] [2023-11-09T22:25:00.455Z] >>> [apiv2][query] GET https://www.gstatic.com/firebasejs/releases.json [none]
[debug] [2023-11-09T22:25:00.696Z] <<< [apiv2][status] GET https://www.gstatic.com/firebasejs/releases.json 200
[debug] [2023-11-09T22:25:00.696Z] <<< [apiv2][body] GET https://www.gstatic.com/firebasejs/releases.json {"current":{"version":"10.6.0","browserURL":"https://www.gstatic.com/firebasejs/10.6.0/firebase.js","packageURL":"https://www.gstatic.com/firebasejs/10.6.0/firebase.tgz"},"live":{"version":"10.6","browserURL":"https://www.gstatic.com/firebasejs/live/10.6/firebase.js","packageURL":"https://www.gstatic.com/firebasejs/live/10.6/firebase.tgz"},"components":{"analytics":"https://www.gstatic.com/firebasejs/10.6.0/firebase-analytics.js","app":"https://www.gstatic.com/firebasejs/10.6.0/firebase-app.js","app-check":"https://www.gstatic.com/firebasejs/10.6.0/firebase-app-check.js","auth":"https://www.gstatic.com/firebasejs/10.6.0/firebase-auth.js","auth/cordova":"https://www.gstatic.com/firebasejs/10.6.0/firebase-auth/cordova.js","functions":"https://www.gstatic.com/firebasejs/10.6.0/firebase-functions.js","firestore":"https://www.gstatic.com/firebasejs/10.6.0/firebase-firestore.js","firestore/lite":"https://www.gstatic.com/firebasejs/10.6.0/firebase-firestore/lite.js","installations":"https://www.gstatic.com/firebasejs/10.6.0/firebase-installations.js","storage":"https://www.gstatic.com/firebasejs/10.6.0/firebase-storage.js","performance":"https://www.gstatic.com/firebasejs/10.6.0/firebase-performance.js","remote-config":"https://www.gstatic.com/firebasejs/10.6.0/firebase-remote-config.js","messaging":"https://www.gstatic.com/firebasejs/10.6.0/firebase-messaging.js","messaging/sw":"https://www.gstatic.com/firebasejs/10.6.0/firebase-messaging/sw.js","database":"https://www.gstatic.com/firebasejs/10.6.0/firebase-database.js","firestore.memory":"https://www.gstatic.com/firebasejs/10.6.0/firebase-firestore.memory.js"}}
[info] i  Skipping write of build/index.html 
[info] 
[info] i  Detected a .git folder at /home/maze/code/mygolftripv2 
[info] i  Authorizing with GitHub to upload your service account to a GitHub repository's secrets store. 
[info] 
[info] Visit this URL on this device to log in:
[info] https://github.com/login/oauth/authorize?client_id=89cf50f02ac6aaed3484&state=508285494&redirect_uri=http%3A%2F%2Flocalhost%3A9005&scope=read%3Auser%20repo%20public_repo
[info] 
[info] Waiting for authentication...
[debug] [2023-11-09T22:25:11.345Z] >>> [apiv2][query] POST https://github.com/login/oauth/access_token [none]
[debug] [2023-11-09T22:25:11.345Z] >>> [apiv2][body] POST https://github.com/login/oauth/access_token [stream]
[debug] [2023-11-09T22:25:11.737Z] <<< [apiv2][status] POST https://github.com/login/oauth/access_token 200
[debug] [2023-11-09T22:25:11.737Z] <<< [apiv2][body] POST https://github.com/login/oauth/access_token {"access_token":"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","token_type":"bearer","scope":"read:user,repo"}
[debug] [2023-11-09T22:25:11.750Z] >>> [apiv2][query] GET https://api.github.com/user [none]
[debug] [2023-11-09T22:25:12.195Z] <<< [apiv2][status] GET https://api.github.com/user 200
[debug] [2023-11-09T22:25:12.196Z] <<< [apiv2][body] GET https://api.github.com/user {"login":"michaelzajer","id":6801093,"node_id":"MDQ6VXNlcjY4MDEwOTM=","avatar_url":"https://avatars.githubusercontent.com/u/6801093?v=4","gravatar_id":"","url":"https://api.github.com/users/michaelzajer","html_url":"https://github.com/michaelzajer","followers_url":"https://api.github.com/users/michaelzajer/followers","following_url":"https://api.github.com/users/michaelzajer/following{/other_user}","gists_url":"https://api.github.com/users/michaelzajer/gists{/gist_id}","starred_url":"https://api.github.com/users/michaelzajer/starred{/owner}{/repo}","subscriptions_url":"https://api.github.com/users/michaelzajer/subscriptions","organizations_url":"https://api.github.com/users/michaelzajer/orgs","repos_url":"https://api.github.com/users/michaelzajer/repos","events_url":"https://api.github.com/users/michaelzajer/events{/privacy}","received_events_url":"https://api.github.com/users/michaelzajer/received_events","type":"User","site_admin":false,"name":null,"company":null,"blog":"","location":null,"email":null,"hireable":null,"bio":null,"twitter_username":null,"public_repos":5,"public_gists":0,"followers":1,"following":0,"created_at":"2014-02-27T04:28:25Z","updated_at":"2023-11-09T22:23:57Z","private_gists":0,"total_private_repos":3,"owned_private_repos":3,"disk_usage":4461,"collaborators":0,"two_factor_authentication":true,"plan":{"name":"free","space":976562499,"collaborators":0,"private_repos":10000}}
[info] 
[info] ✔  Success! Logged into GitHub as michaelzajer 
[info] 
[debug] [2023-11-09T22:29:16.456Z] >>> [apiv2][query] GET https://api.github.com/repos/michaelzajer/mygolftrip-app/actions/secrets/public-key type=owner
[debug] [2023-11-09T22:29:16.817Z] <<< [apiv2][status] GET https://api.github.com/repos/michaelzajer/mygolftrip-app/actions/secrets/public-key 401
[debug] [2023-11-09T22:29:16.817Z] <<< [apiv2][body] GET https://api.github.com/repos/michaelzajer/mygolftrip-app/actions/secrets/public-key {"message":"Bad credentials","documentation_url":"https://docs.github.com/rest"}
[debug] [2023-11-09T22:30:04.746Z] >>> [apiv2][query] GET https://api.github.com/repos/michaelzajer/mygolftrip-app/actions/secrets/public-key type=owner
[debug] [2023-11-09T22:30:05.078Z] <<< [apiv2][status] GET https://api.github.com/repos/michaelzajer/mygolftrip-app/actions/secrets/public-key 401
[debug] [2023-11-09T22:30:05.078Z] <<< [apiv2][body] GET https://api.github.com/repos/michaelzajer/mygolftrip-app/actions/secrets/public-key {"message":"Bad credentials","documentation_url":"https://docs.github.com/rest"}
[debug] [2023-11-09T22:34:25.791Z] >>> [apiv2][query] GET https://api.github.com/repos/michaelzajer/mygolftrip-app/actions/secrets/public-key type=owner
[debug] [2023-11-09T22:34:26.136Z] <<< [apiv2][status] GET https://api.github.com/repos/michaelzajer/mygolftrip-app/actions/secrets/public-key 401
[debug] [2023-11-09T22:34:26.136Z] <<< [apiv2][body] GET https://api.github.com/repos/michaelzajer/mygolftrip-app/actions/secrets/public-key {"message":"Bad credentials","documentation_url":"https://docs.github.com/rest"}
[debug] [2023-11-09T22:47:23.188Z] >>> [apiv2][query] GET https://api.github.com/repos/michaelzajer/mygolftrip-app/actions/secrets/public-key type=owner
[debug] [2023-11-09T22:47:23.576Z] <<< [apiv2][status] GET https://api.github.com/repos/michaelzajer/mygolftrip-app/actions/secrets/public-key 401
[debug] [2023-11-09T22:47:23.576Z] <<< [apiv2][body] GET https://api.github.com/repos/michaelzajer/mygolftrip-app/actions/secrets/public-key {"message":"Bad credentials","documentation_url":"https://docs.github.com/rest"}
